TN:
SF:/Users/michaelcooper/Github/turing/mod_4/express_sweater_weather/app.js
FNF:0
FNH:0
DA:1,1
DA:2,1
DA:3,1
DA:4,1
DA:6,1
DA:7,1
DA:9,1
DA:10,1
DA:11,1
DA:12,1
DA:14,1
DA:16,1
DA:17,1
DA:18,1
DA:19,1
DA:20,1
DA:22,1
DA:23,1
DA:24,1
DA:25,1
DA:27,1
LF:21
LH:21
BRDA:6,0,0,1
BRDA:6,0,1,0
BRF:2
BRH:1
end_of_record
TN:
SF:/Users/michaelcooper/Github/turing/mod_4/express_sweater_weather/knexfile.js
FNF:0
FNH:0
DA:3,1
LF:1
LH:1
BRF:0
BRH:0
end_of_record
TN:
SF:/Users/michaelcooper/Github/turing/mod_4/express_sweater_weather/lib/facades/forecast_facade.js
FN:9,(anonymous_0)
FNF:1
FNH:0
FNDA:0,(anonymous_0)
DA:1,1
DA:3,1
DA:4,1
DA:5,1
DA:10,0
DA:11,0
DA:12,0
DA:13,0
DA:17,1
LF:9
LH:5
BRF:0
BRH:0
end_of_record
TN:
SF:/Users/michaelcooper/Github/turing/mod_4/express_sweater_weather/lib/models/currently.js
FN:3,(anonymous_0)
FNF:1
FNH:0
FNDA:0,(anonymous_0)
DA:4,0
DA:5,0
DA:6,0
DA:7,0
DA:8,0
DA:9,0
DA:10,0
DA:11,0
DA:12,0
DA:13,0
DA:14,0
DA:15,0
DA:19,1
LF:13
LH:1
BRF:0
BRH:0
end_of_record
TN:
SF:/Users/michaelcooper/Github/turing/mod_4/express_sweater_weather/lib/models/daily.js
FN:3,(anonymous_0)
FN:11,(anonymous_1)
FN:12,(anonymous_2)
FNF:3
FNH:0
FNDA:0,(anonymous_0)
FNDA:0,(anonymous_1)
FNDA:0,(anonymous_2)
DA:4,0
DA:5,0
DA:6,0
DA:7,0
DA:8,0
DA:12,0
DA:13,0
DA:39,1
LF:8
LH:1
BRF:0
BRH:0
end_of_record
TN:
SF:/Users/michaelcooper/Github/turing/mod_4/express_sweater_weather/lib/models/favorite.js
FN:7,(anonymous_0)
FNF:1
FNH:0
FNDA:0,(anonymous_0)
DA:1,1
DA:3,1
DA:8,0
DA:9,0
DA:13,1
LF:5
LH:3
BRF:0
BRH:0
end_of_record
TN:
SF:/Users/michaelcooper/Github/turing/mod_4/express_sweater_weather/lib/models/hourly.js
FN:3,(anonymous_0)
FN:10,(anonymous_1)
FN:11,(anonymous_2)
FNF:3
FNH:0
FNDA:0,(anonymous_0)
FNDA:0,(anonymous_1)
FNDA:0,(anonymous_2)
DA:4,0
DA:5,0
DA:6,0
DA:7,0
DA:11,0
DA:12,0
DA:31,1
LF:7
LH:1
BRF:0
BRH:0
end_of_record
TN:
SF:/Users/michaelcooper/Github/turing/mod_4/express_sweater_weather/lib/services/api_querier.js
FN:3,fetchAsync
FNF:1
FNH:0
FNDA:0,fetchAsync
DA:1,1
DA:4,0
DA:5,0
DA:6,0
DA:9,1
LF:5
LH:2
BRF:0
BRH:0
end_of_record
TN:
SF:/Users/michaelcooper/Github/turing/mod_4/express_sweater_weather/lib/services/dark_sky_service.js
FN:7,getWeather
FN:10,(anonymous_1)
FN:11,(anonymous_2)
FNF:3
FNH:0
FNDA:0,getWeather
FNDA:0,(anonymous_1)
FNDA:0,(anonymous_2)
DA:1,1
DA:5,1
DA:8,0
DA:9,0
DA:10,0
DA:11,0
DA:14,1
LF:7
LH:3
BRF:0
BRH:0
end_of_record
TN:
SF:/Users/michaelcooper/Github/turing/mod_4/express_sweater_weather/lib/services/google_service.js
FN:8,getGeocode
FN:11,(anonymous_1)
FN:12,(anonymous_2)
FNF:3
FNH:0
FNDA:0,getGeocode
FNDA:0,(anonymous_1)
FNDA:0,(anonymous_2)
DA:1,1
DA:5,1
DA:6,1
DA:9,0
DA:10,0
DA:11,0
DA:12,0
DA:15,1
LF:8
LH:4
BRF:0
BRH:0
end_of_record
TN:
SF:/Users/michaelcooper/Github/turing/mod_4/express_sweater_weather/routes/index.js
FN:5,(anonymous_0)
FNF:1
FNH:0
FNDA:0,(anonymous_0)
DA:1,1
DA:2,1
DA:5,1
DA:6,0
DA:9,1
LF:5
LH:4
BRF:0
BRH:0
end_of_record
TN:
SF:/Users/michaelcooper/Github/turing/mod_4/express_sweater_weather/routes/api/v1/favorites.js
FN:13,(anonymous_0)
FN:15,(anonymous_1)
FN:23,(anonymous_2)
FN:28,(anonymous_3)
FN:30,(anonymous_4)
FN:38,(anonymous_5)
FN:43,(anonymous_6)
FN:45,(anonymous_7)
FN:48,(anonymous_8)
FN:56,(anonymous_9)
FN:61,validUserResponse
FN:71,(anonymous_11)
FN:73,(anonymous_12)
FN:83,validFavoriteResponse
FN:91,invalidUserResponse
FN:95,getGeocode
FN:96,(anonymous_16)
FN:97,(anonymous_17)
FN:105,createFavorites
FNF:19
FNH:6
FNDA:1,(anonymous_0)
FNDA:1,(anonymous_1)
FNDA:0,(anonymous_2)
FNDA:0,(anonymous_3)
FNDA:0,(anonymous_4)
FNDA:0,(anonymous_5)
FNDA:1,(anonymous_6)
FNDA:1,(anonymous_7)
FNDA:1,(anonymous_8)
FNDA:0,(anonymous_9)
FNDA:0,validUserResponse
FNDA:0,(anonymous_11)
FNDA:0,(anonymous_12)
FNDA:0,validFavoriteResponse
FNDA:1,invalidUserResponse
FNDA:0,getGeocode
FNDA:0,(anonymous_16)
FNDA:0,(anonymous_17)
FNDA:0,createFavorites
DA:1,1
DA:2,1
DA:3,1
DA:5,1
DA:6,1
DA:8,1
DA:9,1
DA:10,1
DA:13,1
DA:14,1
DA:16,1
DA:17,0
DA:20,1
DA:24,0
DA:28,1
DA:29,0
DA:31,0
DA:32,0
DA:35,0
DA:39,0
DA:43,1
DA:44,1
DA:46,1
DA:47,1
DA:49,1
DA:53,0
DA:57,0
DA:62,0
DA:63,0
DA:64,0
DA:65,0
DA:66,0
DA:72,0
DA:74,0
DA:78,0
DA:80,0
DA:84,0
DA:86,0
DA:88,0
DA:92,1
DA:96,0
DA:97,0
DA:98,0
DA:102,0
DA:106,0
DA:107,0
DA:108,0
DA:109,0
DA:111,0
DA:119,0
DA:122,1
LF:51
LH:20
BRDA:8,0,0,1
BRDA:8,0,1,0
BRDA:16,1,0,0
BRDA:16,1,1,1
BRDA:31,2,0,0
BRDA:31,2,1,0
BRDA:46,3,0,1
BRDA:46,3,1,0
BRDA:63,4,0,0
BRDA:63,4,1,0
BRF:10
BRH:3
end_of_record
TN:
SF:/Users/michaelcooper/Github/turing/mod_4/express_sweater_weather/routes/api/v1/forecasts.js
FN:13,(anonymous_0)
FN:16,(anonymous_1)
FN:24,(anonymous_2)
FN:29,validUserResponse
FN:44,invalidUserResponse
FN:48,getGeocode
FN:49,(anonymous_6)
FN:50,(anonymous_7)
FNF:8
FNH:0
FNDA:0,(anonymous_0)
FNDA:0,(anonymous_1)
FNDA:0,(anonymous_2)
FNDA:0,validUserResponse
FNDA:0,invalidUserResponse
FNDA:0,getGeocode
FNDA:0,(anonymous_6)
FNDA:0,(anonymous_7)
DA:1,1
DA:2,1
DA:3,1
DA:5,1
DA:6,1
DA:8,1
DA:9,1
DA:10,1
DA:13,1
DA:15,0
DA:17,0
DA:18,0
DA:21,0
DA:25,0
DA:30,0
DA:31,0
DA:32,0
DA:33,0
DA:34,0
DA:35,0
DA:36,0
DA:39,0
DA:41,0
DA:45,0
DA:49,0
DA:50,0
DA:51,0
DA:55,0
DA:58,1
LF:29
LH:10
BRDA:8,0,0,1
BRDA:8,0,1,0
BRDA:17,1,0,0
BRDA:17,1,1,0
BRDA:31,2,0,0
BRDA:31,2,1,0
BRF:6
BRH:1
end_of_record
TN:
SF:/Users/michaelcooper/Github/turing/mod_4/express_sweater_weather/routes/api/v1/papers.js
FN:9,(anonymous_0)
FN:11,(anonymous_1)
FN:14,(anonymous_2)
FNF:3
FNH:0
FNDA:0,(anonymous_0)
FNDA:0,(anonymous_1)
FNDA:0,(anonymous_2)
DA:1,1
DA:2,1
DA:4,1
DA:5,1
DA:6,1
DA:9,1
DA:10,0
DA:12,0
DA:15,0
DA:19,1
LF:10
LH:7
BRDA:4,0,0,1
BRDA:4,0,1,0
BRF:2
BRH:1
end_of_record
